{
  "stats": {
    "suites": 1,
    "tests": 4,
    "passes": 4,
    "pending": 0,
    "failures": 0,
    "start": "2024-05-17T09:37:28.482Z",
    "end": "2024-05-17T09:37:37.035Z",
    "duration": 8553,
    "testsRegistered": 4,
    "passPercent": 100,
    "pendingPercent": 0,
    "other": 0,
    "hasOther": false,
    "skipped": 0,
    "hasSkipped": false
  },
  "results": [
    {
      "uuid": "5fe8e2f4-a78a-4e5a-af65-564293d94ef0",
      "title": "",
      "fullFile": "cypress/e2e/TC_05_BUYING_FOOD_IN_MODAL_DETAIL.cy.js",
      "file": "cypress/e2e/TC_05_BUYING_FOOD_IN_MODAL_DETAIL.cy.js",
      "beforeHooks": [],
      "afterHooks": [],
      "tests": [],
      "suites": [
        {
          "uuid": "f180756f-1245-40f3-bdd0-4265f0f963f1",
          "title": "TC 05: Mua sản phẩm và kiểm tra giỏ hàng",
          "fullFile": "",
          "file": "",
          "beforeHooks": [],
          "afterHooks": [],
          "tests": [
            {
              "title": "1. Xem chi tiết và mua sản phẩm CAFE",
              "fullTitle": "TC 05: Mua sản phẩm và kiểm tra giỏ hàng 1. Xem chi tiết và mua sản phẩm CAFE",
              "timedOut": null,
              "duration": 1389,
              "state": "passed",
              "speed": "fast",
              "pass": true,
              "fail": false,
              "pending": false,
              "context": null,
              "code": "cy.visit(\"/\");\ncy.get(\"input[name='searcher']\").type(\"cafe{enter}\");\ncy.get(\".item-details\").click();\ncy.get(\".modal\").should(\"be.visible\");\ncy.get(\".modal-info-name\").should(\"have.text\", \"cafe\");\ncy.get(\".modal-info-price\").should(\"have.text\", \"$ 30\");\nconst CLICK_COUNT = 10;\nfor (let i = 0; i < CLICK_COUNT; i++) {\n  cy.get('button[name=\"bAddM21\"]').click();\n}\n// Lấy giá trị của .modal-info-price và tính tổng\ncy.get(\".modal-info-price\").then($price => {\n  const priceText = $price.text().trim();\n  const priceValue = parseFloat(priceText.replace(\"$\", \"\"));\n  const expectedTotal = priceValue * CLICK_COUNT;\n  // Kiểm tra giá trị tổng trong giỏ hàng\n  cy.get(\"#modalCartTotal\").should($cartTotal => {\n    const cartTotalText = $cartTotal.text().trim();\n    const cartTotalValue = parseFloat(cartTotalText.replace(\"$\", \"\"));\n    expect(cartTotalValue).to.equal(expectedTotal);\n  });\n});",
              "err": {},
              "uuid": "b3073a55-07c5-4698-9cad-e3bd86768434",
              "parentUUID": "f180756f-1245-40f3-bdd0-4265f0f963f1",
              "isHook": false,
              "skipped": false
            },
            {
              "title": "2. Tăng số lượng rồi giảm số lượng",
              "fullTitle": "TC 05: Mua sản phẩm và kiểm tra giỏ hàng 2. Tăng số lượng rồi giảm số lượng",
              "timedOut": null,
              "duration": 2862,
              "state": "passed",
              "speed": "fast",
              "pass": true,
              "fail": false,
              "pending": false,
              "context": null,
              "code": "cy.visit(\"/\");\ncy.get(\"input[name='searcher']\").type(\"cafe{enter}\");\ncy.get(\".item-details\").click();\ncy.get(\".modal\").should(\"be.visible\");\ncy.get(\".modal-info-name\").should(\"have.text\", \"cafe\");\ncy.get(\".modal-info-price\").should(\"have.text\", \"$ 30\");\nconst INCREASE_COUNT = 10;\nfor (let i = 0; i < INCREASE_COUNT; i++) {\n  cy.get('button[name=\"bAddM21\"]').click();\n}\nconst DECREASE_COUNT = 20;\nfor (let i = 0; i < DECREASE_COUNT; i++) {\n  cy.get('button[name=\"bAddM11\"]').click();\n}\nif (DECREASE_COUNT > INCREASE_COUNT) {\n  cy.get(\"#modalCartTotal\").should($cartTotal => {\n    const cartTotalText = $cartTotal.text().trim();\n    const cartTotalValue = parseFloat(cartTotalText.replace(\"$\", \"\"));\n    expect(cartTotalValue).to.equal(0);\n  });\n} else {\n  cy.get(\"#modalCartTotal\").should($cartTotal => {\n    const cartTotalText = $cartTotal.text().trim();\n    const cartTotalValue = parseFloat(cartTotalText.replace(\"$\", \"\"));\n    expect(cartTotalValue).to.be.greaterThan(0);\n  });\n}",
              "err": {},
              "uuid": "de5e3c18-90fe-4df8-83d6-35747b4932ad",
              "parentUUID": "f180756f-1245-40f3-bdd0-4265f0f963f1",
              "isHook": false,
              "skipped": false
            },
            {
              "title": "3. Mua sản phẩm và kiểm tra giỏ hàng",
              "fullTitle": "TC 05: Mua sản phẩm và kiểm tra giỏ hàng 3. Mua sản phẩm và kiểm tra giỏ hàng",
              "timedOut": null,
              "duration": 1390,
              "state": "passed",
              "speed": "fast",
              "pass": true,
              "fail": false,
              "pending": false,
              "context": null,
              "code": "cy.visit(\"/\");\ncy.get(\"input[name='searcher']\").type(\"cafe{enter}\");\ncy.get(\".item-details\").click();\ncy.get(\".modal\").should(\"be.visible\");\ncy.get(\".modal-info-name\").should(\"have.text\", \"cafe\");\ncy.get(\".modal-info-price\").should(\"have.text\", \"$ 30\");\nconst CLICK_COUNT = 10;\nfor (let i = 0; i < CLICK_COUNT; i++) {\n  cy.get('button[name=\"bAddM21\"]').click();\n}\n// Lấy giá trị của .modal-info-price và tính tổng\ncy.get(\".modal-info-price\").then($price => {\n  const priceText = $price.text().trim();\n  const priceValue = parseFloat(priceText.replace(\"$\", \"\"));\n  const expectedTotal = priceValue * CLICK_COUNT;\n  // Kiểm tra giá trị tổng trong giỏ hàng\n  cy.get(\"#modalCartTotal\").should($cartTotal => {\n    const cartTotalText = $cartTotal.text().trim();\n    const cartTotalValue = parseFloat(cartTotalText.replace(\"$\", \"\"));\n    expect(cartTotalValue).to.equal(expectedTotal);\n  });\n});\n// close modal\ncy.get(\"body\").click(\"topLeft\");\ncy.get(\".modal\").should(\"not.be.visible\");\n// click giỏ hàng\ncy.get(\".header-cart-title > img\").click();\ncy.url().should(\"include\", \"#/cart\");\ncy.get(\".cartContainer-details-text\").eq(0).should(\"have.text\", \"cafe\");",
              "err": {},
              "uuid": "77459a84-1940-4ae8-9ceb-da0b393a4311",
              "parentUUID": "f180756f-1245-40f3-bdd0-4265f0f963f1",
              "isHook": false,
              "skipped": false
            },
            {
              "title": "4. Mua rồi tăng số lượng sản phẩm bên trong giỏ hàng",
              "fullTitle": "TC 05: Mua sản phẩm và kiểm tra giỏ hàng 4. Mua rồi tăng số lượng sản phẩm bên trong giỏ hàng",
              "timedOut": null,
              "duration": 2722,
              "state": "passed",
              "speed": "fast",
              "pass": true,
              "fail": false,
              "pending": false,
              "context": null,
              "code": "cy.visit(\"/\");\ncy.get(\"input[name='searcher']\").type(\"cafe{enter}\");\n// click giỏ hàng\ncy.get(\":nth-child(1) > .item-btn > img\").click();\ncy.get(\".header-cart-title > img\").click();\ncy.url().should(\"include\", \"#/cart\");\ncy.wait(2000);\ncy.get(\".cartContainer-details-text\").eq(0).should(\"have.text\", \"cafe\");\nconst increaseAmount = 5;\ncy.get(`.cartContainer-oncart-counter`).invoke(\"val\").then(currentValue => {\n  const newValue = parseInt(currentValue) + increaseAmount;\n  cy.get(\".cartContainer-oncart-counter\").clear().type(`${newValue}{enter}`);\n});\n// Kiểm tra giá trị mới\ncy.get(\".cartContainer-oncart-counter\").should(\"have.value\", String(parseInt(1) + increaseAmount));",
              "err": {},
              "uuid": "fed75b9f-245b-4780-abb1-acd87df74262",
              "parentUUID": "f180756f-1245-40f3-bdd0-4265f0f963f1",
              "isHook": false,
              "skipped": false
            }
          ],
          "suites": [],
          "passes": [
            "b3073a55-07c5-4698-9cad-e3bd86768434",
            "de5e3c18-90fe-4df8-83d6-35747b4932ad",
            "77459a84-1940-4ae8-9ceb-da0b393a4311",
            "fed75b9f-245b-4780-abb1-acd87df74262"
          ],
          "failures": [],
          "pending": [],
          "skipped": [],
          "duration": 8363,
          "root": false,
          "rootEmpty": false,
          "_timeout": 2000
        }
      ],
      "passes": [],
      "failures": [],
      "pending": [],
      "skipped": [],
      "duration": 0,
      "root": true,
      "rootEmpty": true,
      "_timeout": 2000
    }
  ],
  "meta": {
    "mocha": {
      "version": "7.0.1"
    },
    "mochawesome": {
      "options": {
        "quiet": false,
        "reportFilename": "mochawesome",
        "saveHtml": false,
        "saveJson": true,
        "consoleReporter": "spec",
        "useInlineDiffs": false,
        "code": true
      },
      "version": "7.1.3"
    },
    "marge": {
      "options": {
        "reportDir": "cypress/results",
        "overwrite": false,
        "html": false,
        "json": true
      },
      "version": "6.2.0"
    }
  }
}