{
  "stats": {
    "suites": 1,
    "tests": 1,
    "passes": 1,
    "pending": 0,
    "failures": 0,
    "start": "2024-05-17T09:37:40.646Z",
    "end": "2024-05-17T09:37:41.834Z",
    "duration": 1188,
    "testsRegistered": 1,
    "passPercent": 100,
    "pendingPercent": 0,
    "other": 0,
    "hasOther": false,
    "skipped": 0,
    "hasSkipped": false
  },
  "results": [
    {
      "uuid": "1a45c7e5-b407-405c-8983-a85d9eeb45d1",
      "title": "",
      "fullFile": "cypress/e2e/TC_06_CLEAR_ITEM_IN_CART.cy.js",
      "file": "cypress/e2e/TC_06_CLEAR_ITEM_IN_CART.cy.js",
      "beforeHooks": [],
      "afterHooks": [],
      "tests": [],
      "suites": [
        {
          "uuid": "6d7c248e-3278-4f24-a48c-657aab74d9bd",
          "title": "TC 06: Clear giỏ hàng",
          "fullFile": "",
          "file": "",
          "beforeHooks": [],
          "afterHooks": [],
          "tests": [
            {
              "title": "1. Mua rồi clear giỏ hàng",
              "fullTitle": "TC 06: Clear giỏ hàng 1. Mua rồi clear giỏ hàng",
              "timedOut": null,
              "duration": 1132,
              "state": "passed",
              "speed": "fast",
              "pass": true,
              "fail": false,
              "pending": false,
              "context": null,
              "code": "// 1. Open browser\ncy.visit(\"/\");\n// 2. Click add to cart and count the number of clicks\nlet counter = 0;\ncy.get(\"button.item-btn\").each(($el, index, $list) => {\n  cy.wrap($el).click();\n  counter++;\n}).then(() => {\n  cy.log(counter);\n  cy.get(\".header-cart-counter span\").eq(1).should(\"have.text\", `(${counter.toString()})`);\n});\n// 3. Clear cart\ncy.get(\".header-cart-title > img\").click();\ncy.url().should(\"include\", \"#/cart\");\ncy.get(\".cartActions-btn > img\").click();\ncy.get(\".cartContainer\").should(\"not.exist\");",
              "err": {},
              "uuid": "9546252f-20c1-4109-9253-69264b2d637e",
              "parentUUID": "6d7c248e-3278-4f24-a48c-657aab74d9bd",
              "isHook": false,
              "skipped": false
            }
          ],
          "suites": [],
          "passes": [
            "9546252f-20c1-4109-9253-69264b2d637e"
          ],
          "failures": [],
          "pending": [],
          "skipped": [],
          "duration": 1132,
          "root": false,
          "rootEmpty": false,
          "_timeout": 2000
        }
      ],
      "passes": [],
      "failures": [],
      "pending": [],
      "skipped": [],
      "duration": 0,
      "root": true,
      "rootEmpty": true,
      "_timeout": 2000
    }
  ],
  "meta": {
    "mocha": {
      "version": "7.0.1"
    },
    "mochawesome": {
      "options": {
        "quiet": false,
        "reportFilename": "mochawesome",
        "saveHtml": false,
        "saveJson": true,
        "consoleReporter": "spec",
        "useInlineDiffs": false,
        "code": true
      },
      "version": "7.1.3"
    },
    "marge": {
      "options": {
        "reportDir": "cypress/results",
        "overwrite": false,
        "html": false,
        "json": true
      },
      "version": "6.2.0"
    }
  }
}