{
  "stats": {
    "suites": 1,
    "tests": 3,
    "passes": 2,
    "pending": 0,
    "failures": 1,
    "start": "2024-05-17T09:37:14.011Z",
    "end": "2024-05-17T09:37:19.600Z",
    "duration": 5589,
    "testsRegistered": 3,
    "passPercent": 66.66666666666666,
    "pendingPercent": 0,
    "other": 0,
    "hasOther": false,
    "skipped": 0,
    "hasSkipped": false
  },
  "results": [
    {
      "uuid": "32ca66a8-8a94-42c9-9c6e-ffae83495a1d",
      "title": "",
      "fullFile": "cypress/e2e/TC_03_PRODUCT_DETAIL.cy.js",
      "file": "cypress/e2e/TC_03_PRODUCT_DETAIL.cy.js",
      "beforeHooks": [],
      "afterHooks": [],
      "tests": [],
      "suites": [
        {
          "uuid": "f4f5beec-4b61-4807-806d-6b048c78812f",
          "title": "TC 03: Tìm kiếm và xem chi tiết sản phẩm",
          "fullFile": "",
          "file": "",
          "beforeHooks": [],
          "afterHooks": [],
          "tests": [
            {
              "title": "1. Xem chi tiết sản phẩm CAFE",
              "fullTitle": "TC 03: Tìm kiếm và xem chi tiết sản phẩm 1. Xem chi tiết sản phẩm CAFE",
              "timedOut": null,
              "duration": 517,
              "state": "passed",
              "speed": "fast",
              "pass": true,
              "fail": false,
              "pending": false,
              "context": null,
              "code": "cy.visit(\"/\");\ncy.get(\"input[name='searcher']\").type(\"cafe{enter}\");\ncy.get(\".item-details\").click();\ncy.get(\".modal .modal-info .modal-info-name\").should(\"have.text\", \"cafe\");\ncy.get(\".modal .modal-info .modal-info-price\").should(\"have.text\", \"$ 30\");",
              "err": {},
              "uuid": "c17080fb-b72b-4834-9d64-75db72dc03d0",
              "parentUUID": "f4f5beec-4b61-4807-806d-6b048c78812f",
              "isHook": false,
              "skipped": false
            },
            {
              "title": "2. Xem chi tiết sản phẩm ROSQUILLA",
              "fullTitle": "TC 03: Tìm kiếm và xem chi tiết sản phẩm 2. Xem chi tiết sản phẩm ROSQUILLA",
              "timedOut": null,
              "duration": 452,
              "state": "passed",
              "speed": "fast",
              "pass": true,
              "fail": false,
              "pending": false,
              "context": null,
              "code": "cy.visit(\"/\");\ncy.get(\"input[name='searcher']\").type(\"rosquilla{enter}\");\ncy.get(\".item-details\").click();\ncy.get(\".modal .modal-info .modal-info-name\").should(\"have.text\", \"rosquilla\");\ncy.get(\".modal .modal-info .modal-info-price\").should(\"have.text\", \"$ 20\");",
              "err": {},
              "uuid": "2f26c02d-4f87-43ed-bd0e-9ab19b474c30",
              "parentUUID": "f4f5beec-4b61-4807-806d-6b048c78812f",
              "isHook": false,
              "skipped": false
            },
            {
              "title": "2. Xem chi tiết sản phẩm không tồn tại",
              "fullTitle": "TC 03: Tìm kiếm và xem chi tiết sản phẩm 2. Xem chi tiết sản phẩm không tồn tại",
              "timedOut": null,
              "duration": 4498,
              "state": "failed",
              "speed": null,
              "pass": false,
              "fail": true,
              "pending": false,
              "context": null,
              "code": "cy.visit(\"/\");\ncy.get(\"input[name='searcher']\").type(\"sushi{enter}\");\ncy.get(\".item-details\").click();\ncy.get(\".modal .modal-info .modal-info-name\").should(\"have.text\", \"Không tìm thấy sản phẩm\");\ncy.get(\".modal .modal-info .modal-info-price\").should(\"have.text\", \"\");",
              "err": {
                "message": "AssertionError: Timed out retrying after 4000ms: Expected to find element: `.item-details`, but never found it.",
                "estack": "AssertionError: Timed out retrying after 4000ms: Expected to find element: `.item-details`, but never found it.\n    at Context.eval (webpack://spa-store/./cypress/e2e/TC_03_PRODUCT_DETAIL.cy.js:24:7)",
                "diff": null
              },
              "uuid": "fccd56b8-1683-4356-844a-12b520c288f3",
              "parentUUID": "f4f5beec-4b61-4807-806d-6b048c78812f",
              "isHook": false,
              "skipped": false
            }
          ],
          "suites": [],
          "passes": [
            "c17080fb-b72b-4834-9d64-75db72dc03d0",
            "2f26c02d-4f87-43ed-bd0e-9ab19b474c30"
          ],
          "failures": [
            "fccd56b8-1683-4356-844a-12b520c288f3"
          ],
          "pending": [],
          "skipped": [],
          "duration": 5467,
          "root": false,
          "rootEmpty": false,
          "_timeout": 2000
        }
      ],
      "passes": [],
      "failures": [],
      "pending": [],
      "skipped": [],
      "duration": 0,
      "root": true,
      "rootEmpty": true,
      "_timeout": 2000
    }
  ],
  "meta": {
    "mocha": {
      "version": "7.0.1"
    },
    "mochawesome": {
      "options": {
        "quiet": false,
        "reportFilename": "mochawesome",
        "saveHtml": false,
        "saveJson": true,
        "consoleReporter": "spec",
        "useInlineDiffs": false,
        "code": true
      },
      "version": "7.1.3"
    },
    "marge": {
      "options": {
        "reportDir": "cypress/results",
        "overwrite": false,
        "html": false,
        "json": true
      },
      "version": "6.2.0"
    }
  }
}