{
  "stats": {
    "suites": 1,
    "tests": 3,
    "passes": 3,
    "pending": 0,
    "failures": 0,
    "start": "2024-05-17T09:36:53.530Z",
    "end": "2024-05-17T09:36:55.881Z",
    "duration": 2351,
    "testsRegistered": 3,
    "passPercent": 100,
    "pendingPercent": 0,
    "other": 0,
    "hasOther": false,
    "skipped": 0,
    "hasSkipped": false
  },
  "results": [
    {
      "uuid": "5ecda0e8-52d6-4a32-96bf-e916595ee4ac",
      "title": "",
      "fullFile": "cypress/e2e/TC_01_BUYFOOD.cy.js",
      "file": "cypress/e2e/TC_01_BUYFOOD.cy.js",
      "beforeHooks": [],
      "afterHooks": [],
      "tests": [],
      "suites": [
        {
          "uuid": "0cebfc98-39a6-474a-8c2c-3b3190040b71",
          "title": "TC 01: Chọn mua thức ăn và đồ uống",
          "fullFile": "",
          "file": "",
          "beforeHooks": [],
          "afterHooks": [],
          "tests": [
            {
              "title": "1. Click mua tất cả đồ ăn",
              "fullTitle": "TC 01: Chọn mua thức ăn và đồ uống 1. Click mua tất cả đồ ăn",
              "timedOut": null,
              "duration": 1088,
              "state": "passed",
              "speed": "fast",
              "pass": true,
              "fail": false,
              "pending": false,
              "context": null,
              "code": "// 1. Open browser\ncy.visit(\"/\");\n// 2. Click add to cart and count the number of clicks\nlet counter = 0;\ncy.get(\"button.item-btn\").each(($el, index, $list) => {\n  cy.wrap($el).click();\n  counter++;\n}).then(() => {\n  cy.log(counter);\n  cy.get(\".header-cart-counter span\").eq(1).should(\"have.text\", `(${counter.toString()})`);\n});",
              "err": {},
              "uuid": "96b4aa9b-25fe-4e87-9b50-97612565e0f2",
              "parentUUID": "0cebfc98-39a6-474a-8c2c-3b3190040b71",
              "isHook": false,
              "skipped": false
            },
            {
              "title": "2. Thêm sản phẩm vào giỏ và kiểm tra số lượng và tổng tiền",
              "fullTitle": "TC 01: Chọn mua thức ăn và đồ uống 2. Thêm sản phẩm vào giỏ và kiểm tra số lượng và tổng tiền",
              "timedOut": null,
              "duration": 642,
              "state": "passed",
              "speed": "fast",
              "pass": true,
              "fail": false,
              "pending": false,
              "context": null,
              "code": "cy.visit(\"/\");\nlet totalAmount = 0;\nlet itemCount = 0;\ncy.get(\".item\").each($el => {\n  const priceText = $el.find(\".item-price\").text();\n  const price = parseFloat(priceText.replace(/[^0-9.-]+/g, \"\"));\n  totalAmount += price;\n  itemCount++;\n  cy.wrap($el).find(\".item-btn\").click();\n}).then(() => {\n  cy.get(\".header-cart-counter span\").eq(1).should(\"have.text\", `(${itemCount.toString()})`);\n  cy.get(\".header-cart-total\").should(\"have.text\", `$${totalAmount.toFixed(0).toString()}`);\n});",
              "err": {},
              "uuid": "a0c71331-3f8e-4843-a6de-92f00f9bf06f",
              "parentUUID": "0cebfc98-39a6-474a-8c2c-3b3190040b71",
              "isHook": false,
              "skipped": false
            },
            {
              "title": "3. Chọn mua đồ ăn khuyến mãi",
              "fullTitle": "TC 01: Chọn mua thức ăn và đồ uống 3. Chọn mua đồ ăn khuyến mãi",
              "timedOut": null,
              "duration": 485,
              "state": "passed",
              "speed": "fast",
              "pass": true,
              "fail": false,
              "pending": false,
              "context": null,
              "code": "cy.visit(\"/\");\ncy.get(\"a[href='#/promociones']\").click();\nlet totalAmount = 0;\nlet itemCount = 0;\ncy.get(\".item\").each($el => {\n  const priceText = $el.find(\".item-price\").text();\n  const price = parseFloat(priceText.replace(/[^0-9.-]+/g, \"\")); // Chuyển đổi giá từ text sang số\n  totalAmount += price;\n  itemCount++;\n  cy.wrap($el).find(\".item-btn\").click();\n}).then(() => {\n  cy.get(\".header-cart-counter span\").eq(1).should(\"have.text\", `(${itemCount.toString()})`);\n  cy.get(\".header-cart-total\").should(\"have.text\", `$${totalAmount.toFixed(0).toString()}`);\n});",
              "err": {},
              "uuid": "7eb5a4e3-9fbf-465e-bdfe-500c9563444e",
              "parentUUID": "0cebfc98-39a6-474a-8c2c-3b3190040b71",
              "isHook": false,
              "skipped": false
            }
          ],
          "suites": [],
          "passes": [
            "96b4aa9b-25fe-4e87-9b50-97612565e0f2",
            "a0c71331-3f8e-4843-a6de-92f00f9bf06f",
            "7eb5a4e3-9fbf-465e-bdfe-500c9563444e"
          ],
          "failures": [],
          "pending": [],
          "skipped": [],
          "duration": 2215,
          "root": false,
          "rootEmpty": false,
          "_timeout": 2000
        }
      ],
      "passes": [],
      "failures": [],
      "pending": [],
      "skipped": [],
      "duration": 0,
      "root": true,
      "rootEmpty": true,
      "_timeout": 2000
    }
  ],
  "meta": {
    "mocha": {
      "version": "7.0.1"
    },
    "mochawesome": {
      "options": {
        "quiet": false,
        "reportFilename": "mochawesome",
        "saveHtml": false,
        "saveJson": true,
        "consoleReporter": "spec",
        "useInlineDiffs": false,
        "code": true
      },
      "version": "7.1.3"
    },
    "marge": {
      "options": {
        "reportDir": "cypress/results",
        "overwrite": false,
        "html": false,
        "json": true
      },
      "version": "6.2.0"
    }
  }
}